2023-03-10 08:21:47,142:INFO:Initializing load_model()
2023-03-10 08:21:47,142:INFO:load_model(model_name=data\my_best_pipeline.pkl, platform=None, authentication=None, verbose=True)
2023-03-10 08:24:01,932:INFO:Initializing load_model()
2023-03-10 08:24:01,932:INFO:load_model(model_name=data\my_best_pipeline.pkl, platform=None, authentication=None, verbose=True)
2023-03-10 08:25:32,995:INFO:Initializing load_model()
2023-03-10 08:25:32,995:INFO:load_model(model_name=data\my_best_pipeline.pkl, platform=None, authentication=None, verbose=True)
2023-03-10 08:26:10,033:INFO:Initializing load_model()
2023-03-10 08:26:10,033:INFO:load_model(model_name=data\my_best_pipeline, platform=None, authentication=None, verbose=True)
2023-03-10 08:26:15,135:INFO:Initializing load_model()
2023-03-10 08:26:15,135:INFO:load_model(model_name=data\my_best_pipeline, platform=None, authentication=None, verbose=True)
2023-03-10 08:27:56,281:INFO:Initializing load_model()
2023-03-10 08:27:56,281:INFO:load_model(model_name=data\my_best_pipeline, platform=None, authentication=None, verbose=True)
2023-03-10 08:27:58,864:INFO:Initializing predict_model()
2023-03-10 08:27:58,864:INFO:predict_model(estimator=<function model at 0x000002DE68FA7AF0>, probability_threshold=None, encoded_labels=False, round=4, verbose=True, ml_usecase=MLUsecase.CLASSIFICATION, display=None)
2023-03-10 08:27:58,864:INFO:Checking exceptions
2023-03-10 08:27:58,865:INFO:Preloading libraries
2023-03-10 08:27:58,865:ERROR:Pipeline not found. Exception:
2023-03-10 08:27:58,867:ERROR:Traceback (most recent call last):
  File "C:\Users\tarik\OneDrive\Documents\Formation_Dév_IA\Projet_MOOC\Projet_MOOC_Sylvine_Tarik\venv_mooc\lib\site-packages\pycaret\internal\tabular.py", line 8244, in predict_model
    dtypes = prep_pipe.named_steps["dtypes"]
NameError: name 'prep_pipe' is not defined

2023-03-10 08:29:20,024:INFO:Initializing load_model()
2023-03-10 08:29:20,024:INFO:load_model(model_name=data\my_best_pipeline, platform=None, authentication=None, verbose=True)
2023-03-10 08:44:45,252:INFO:Initializing load_model()
2023-03-10 08:44:45,252:INFO:load_model(model_name=data\my_best_pipeline, platform=None, authentication=None, verbose=True)
2023-03-10 08:44:50,207:INFO:Initializing load_model()
2023-03-10 08:44:50,207:INFO:load_model(model_name=data\my_best_pipeline, platform=None, authentication=None, verbose=True)
2023-03-10 08:57:41,466:INFO:Initializing load_model()
2023-03-10 08:57:41,467:INFO:load_model(model_name=data\my_best_pipeline, platform=None, authentication=None, verbose=True)
2023-03-10 09:04:30,956:INFO:Initializing load_model()
2023-03-10 09:04:30,956:INFO:load_model(model_name=data\my_best_pipeline, platform=None, authentication=None, verbose=True)
2023-03-10 09:04:36,109:INFO:Initializing load_model()
2023-03-10 09:04:36,109:INFO:load_model(model_name=data\my_best_pipeline, platform=None, authentication=None, verbose=True)
2023-03-10 10:01:58,767:INFO:Initializing load_model()
2023-03-10 10:01:58,768:INFO:load_model(model_name=data\my_best_pipeline, platform=None, authentication=None, verbose=True)
2023-03-10 10:03:25,451:INFO:Initializing load_model()
2023-03-10 10:03:25,451:INFO:load_model(model_name=data\my_best_pipeline, platform=None, authentication=None, verbose=True)
2023-03-10 10:04:00,274:INFO:Initializing load_model()
2023-03-10 10:04:00,274:INFO:load_model(model_name=data\my_best_pipeline, platform=None, authentication=None, verbose=True)
2023-03-10 11:12:56,903:INFO:Initializing load_model()
2023-03-10 11:12:56,903:INFO:load_model(model_name=data\my_best_pipeline, platform=None, authentication=None, verbose=True)
2023-03-10 11:13:18,986:INFO:Initializing load_model()
2023-03-10 11:13:18,987:INFO:load_model(model_name=data\my_best_pipeline, platform=None, authentication=None, verbose=True)
2023-03-10 11:14:47,563:INFO:Initializing load_model()
2023-03-10 11:14:47,563:INFO:load_model(model_name=data\my_best_pipeline, platform=None, authentication=None, verbose=True)
2023-03-10 11:16:05,754:INFO:Initializing load_model()
2023-03-10 11:16:05,755:INFO:load_model(model_name=data\my_best_pipeline, platform=None, authentication=None, verbose=True)
2023-03-10 11:16:25,284:INFO:Initializing load_model()
2023-03-10 11:16:25,284:INFO:load_model(model_name=data\my_best_pipeline, platform=None, authentication=None, verbose=True)
2023-03-10 11:23:16,064:INFO:Initializing load_model()
2023-03-10 11:23:16,064:INFO:load_model(model_name=data\my_best_pipeline, platform=None, authentication=None, verbose=True)
2023-03-10 11:23:40,809:INFO:Initializing load_model()
2023-03-10 11:23:40,809:INFO:load_model(model_name=data\my_best_pipeline, platform=None, authentication=None, verbose=True)
2023-03-10 11:40:43,061:INFO:Initializing load_model()
2023-03-10 11:40:43,061:INFO:load_model(model_name=data\my_best_pipeline, platform=None, authentication=None, verbose=True)
2023-03-10 11:42:33,526:INFO:Initializing load_model()
2023-03-10 11:42:33,527:INFO:load_model(model_name=data\my_best_pipeline, platform=None, authentication=None, verbose=True)
2023-03-10 11:46:57,930:INFO:Initializing load_model()
2023-03-10 11:46:57,930:INFO:load_model(model_name=data\my_best_pipeline, platform=None, authentication=None, verbose=True)
2023-03-10 11:49:18,646:INFO:Initializing load_model()
2023-03-10 11:49:18,647:INFO:load_model(model_name=data\my_best_pipeline, platform=None, authentication=None, verbose=True)
2023-03-10 11:51:30,896:INFO:Initializing load_model()
2023-03-10 11:51:30,896:INFO:load_model(model_name=data\my_best_pipeline, platform=None, authentication=None, verbose=True)
2023-03-10 11:57:21,743:INFO:Initializing load_model()
2023-03-10 11:57:21,743:INFO:load_model(model_name=data\my_best_pipeline, platform=None, authentication=None, verbose=True)
2023-03-10 11:59:23,065:INFO:Initializing load_model()
2023-03-10 11:59:23,065:INFO:load_model(model_name=data\my_best_pipeline, platform=None, authentication=None, verbose=True)
2023-03-10 12:00:29,605:INFO:Initializing load_model()
2023-03-10 12:00:29,605:INFO:load_model(model_name=data\my_best_pipeline, platform=None, authentication=None, verbose=True)
2023-03-10 12:13:40,090:INFO:Initializing load_model()
2023-03-10 12:13:40,090:INFO:load_model(model_name=data\my_best_pipeline, platform=None, authentication=None, verbose=True)
2023-03-10 12:16:53,274:INFO:Initializing load_model()
2023-03-10 12:16:53,274:INFO:load_model(model_name=data\my_best_pipeline, platform=None, authentication=None, verbose=True)
2023-03-10 12:18:03,909:INFO:Initializing load_model()
2023-03-10 12:18:03,909:INFO:load_model(model_name=data\my_best_pipeline, platform=None, authentication=None, verbose=True)
2023-03-10 12:22:51,029:INFO:Initializing load_model()
2023-03-10 12:22:51,029:INFO:load_model(model_name=data\my_best_pipeline, platform=None, authentication=None, verbose=True)
2023-03-10 12:25:29,673:INFO:Initializing load_model()
2023-03-10 12:25:29,673:INFO:load_model(model_name=data\my_best_pipeline, platform=None, authentication=None, verbose=True)
2023-03-10 12:29:36,169:INFO:Initializing load_model()
2023-03-10 12:29:36,169:INFO:load_model(model_name=data\my_best_pipeline, platform=None, authentication=None, verbose=True)
2023-03-10 12:30:32,891:INFO:Initializing load_model()
2023-03-10 12:30:32,891:INFO:load_model(model_name=data\my_best_pipeline, platform=None, authentication=None, verbose=True)
2023-03-10 12:33:17,812:INFO:Initializing load_model()
2023-03-10 12:33:17,813:INFO:load_model(model_name=data\my_best_pipeline, platform=None, authentication=None, verbose=True)
2023-03-10 12:33:54,591:INFO:Initializing load_model()
2023-03-10 12:33:54,591:INFO:load_model(model_name=data\my_best_pipeline, platform=None, authentication=None, verbose=True)
